<?xml version="1.0" encoding="UTF-8"?>
<!-- Generated by org.testng.reporters.JUnitXMLReporter -->
<testsuite hostname="DESKTOP-TA6EE9O" ignored="0" name="Surefire test" tests="3" failures="1" timestamp="17 May 2020 05:50:22 GMT" time="138.158" errors="0">
  <testcase name="runScenario" time="40.3" classname="io.cucumber.testng.AbstractTestNGCucumberTests">
    <failure type="java.lang.AssertionError" message="expected [https://www.zappo.com/] but found [https://www.zappos.com/]">
      <![CDATA[java.lang.AssertionError: expected [https://www.zappo.com/] but found [https://www.zappos.com/]
at com.udemy.pageclasses.ZapposStepDefn.user_Clicked_on_Sigin_and_Navigate_to_Login_Page(ZapposStepDefn.java:52)
at âœ½.User Clicked on Sigin and Navigate to Login Page(file:///D:/Projects/JavaProjects/LearnCucumber/src/test/java/com/udemy/pageclasses/zappostest.feature:5)
... Removed 6 stack frames]]>
    </failure>
  </testcase> <!-- runScenario -->
  <testcase name="runScenario" time="60.655" classname="io.cucumber.testng.AbstractTestNGCucumberTests"/>
  <testcase name="runScenario" time="35.04" classname="io.cucumber.testng.AbstractTestNGCucumberTests"/>
</testsuite> <!-- Surefire test -->
