<?xml version="1.0" encoding="UTF-8"?>
<testng-results skipped="0" failed="1" ignored="0" total="3" passed="2">
  <reporter-output>
  </reporter-output>
  <suite name="Surefire suite" duration-ms="138158" started-at="2020-05-17T05:48:04Z" finished-at="2020-05-17T05:50:22Z">
    <groups>
      <group name="cucumber">
        <method signature="AbstractTestNGCucumberTests.runScenario(io.cucumber.testng.PickleWrapper, io.cucumber.testng.FeatureWrapper)[pri:0, instance:com.udemy.pageclasses.ZapposTestRunner2@4501b7af]" name="runScenario" class="io.cucumber.testng.AbstractTestNGCucumberTests"/>
      </group> <!-- cucumber -->
    </groups>
    <test name="Surefire test" duration-ms="138158" started-at="2020-05-17T05:48:04Z" finished-at="2020-05-17T05:50:22Z">
      <class name="com.udemy.pageclasses.ZapposTestRunner2">
        <test-method status="PASS" signature="setUpClass()[pri:0, instance:com.udemy.pageclasses.ZapposTestRunner2@4501b7af]" name="setUpClass" is-config="true" duration-ms="1354" started-at="2020-05-17T05:48:04Z" finished-at="2020-05-17T05:48:05Z">
          <reporter-output>
          </reporter-output>
        </test-method> <!-- setUpClass -->
        <test-method status="FAIL" signature="runScenario(io.cucumber.testng.PickleWrapper, io.cucumber.testng.FeatureWrapper)[pri:0, instance:com.udemy.pageclasses.ZapposTestRunner2@4501b7af]" name="runScenario" duration-ms="40300" started-at="2020-05-17T05:48:05Z" description="Runs Cucumber Scenarios" data-provider="scenarios" finished-at="2020-05-17T05:48:46Z">
          <params>
            <param index="0">
              <value>
                <![CDATA["Product Search"]]>
              </value>
            </param>
            <param index="1">
              <value>
                <![CDATA["Zappos feature"]]>
              </value>
            </param>
          </params>
          <exception class="java.lang.AssertionError">
            <message>
              <![CDATA[expected [https://www.zappo.com/] but found [https://www.zappos.com/]]]>
            </message>
            <full-stacktrace>
              <![CDATA[java.lang.AssertionError: expected [https://www.zappo.com/] but found [https://www.zappos.com/]
at org.testng.Assert.fail(Assert.java:96)
at org.testng.Assert.failNotEquals(Assert.java:776)
at org.testng.Assert.assertEqualsImpl(Assert.java:137)
at org.testng.Assert.assertEquals(Assert.java:118)
at org.testng.Assert.assertEquals(Assert.java:453)
at org.testng.Assert.assertEquals(Assert.java:463)
at com.udemy.pageclasses.ZapposStepDefn.user_Clicked_on_Sigin_and_Navigate_to_Login_Page(ZapposStepDefn.java:52)
at âœ½.User Clicked on Sigin and Navigate to Login Page(file:///D:/Projects/JavaProjects/LearnCucumber/src/test/java/com/udemy/pageclasses/zappostest.feature:5)
]]>
            </full-stacktrace>
          </exception> <!-- java.lang.AssertionError -->
          <reporter-output>
          </reporter-output>
        </test-method> <!-- runScenario -->
        <test-method status="PASS" signature="runScenario(io.cucumber.testng.PickleWrapper, io.cucumber.testng.FeatureWrapper)[pri:0, instance:com.udemy.pageclasses.ZapposTestRunner2@4501b7af]" name="runScenario" duration-ms="60655" started-at="2020-05-17T05:48:46Z" description="Runs Cucumber Scenarios" data-provider="scenarios" finished-at="2020-05-17T05:49:46Z">
          <params>
            <param index="0">
              <value>
                <![CDATA["Another Product Search"]]>
              </value>
            </param>
            <param index="1">
              <value>
                <![CDATA["Zappos feature"]]>
              </value>
            </param>
          </params>
          <reporter-output>
          </reporter-output>
        </test-method> <!-- runScenario -->
        <test-method status="PASS" signature="runScenario(io.cucumber.testng.PickleWrapper, io.cucumber.testng.FeatureWrapper)[pri:0, instance:com.udemy.pageclasses.ZapposTestRunner2@4501b7af]" name="runScenario" duration-ms="35040" started-at="2020-05-17T05:49:46Z" description="Runs Cucumber Scenarios" data-provider="scenarios" finished-at="2020-05-17T05:50:21Z">
          <params>
            <param index="0">
              <value>
                <![CDATA["Favorites Scenario"]]>
              </value>
            </param>
            <param index="1">
              <value>
                <![CDATA["Zappos feature"]]>
              </value>
            </param>
          </params>
          <reporter-output>
          </reporter-output>
        </test-method> <!-- runScenario -->
        <test-method status="PASS" signature="tearDownClass()[pri:0, instance:com.udemy.pageclasses.ZapposTestRunner2@4501b7af]" name="tearDownClass" is-config="true" duration-ms="695" started-at="2020-05-17T05:50:21Z" finished-at="2020-05-17T05:50:22Z">
          <reporter-output>
          </reporter-output>
        </test-method> <!-- tearDownClass -->
      </class> <!-- com.udemy.pageclasses.ZapposTestRunner2 -->
    </test> <!-- Surefire test -->
  </suite> <!-- Surefire suite -->
</testng-results>
